{"D:\\Projects\\worldtime\\client\\src\\App.tsx": {"path":"D:\\Projects\\worldtime\\client\\src\\App.tsx","statementMap":{"0":{"start":{"line":1,"column":0},"end":{"line":null,"column":-1}},"1":{"start":{"line":2,"column":0},"end":{"line":null,"column":-1}},"2":{"start":{"line":3,"column":0},"end":{"line":null,"column":-1}},"3":{"start":{"line":4,"column":0},"end":{"line":null,"column":-1}},"4":{"start":{"line":5,"column":0},"end":{"line":null,"column":-1}},"5":{"start":{"line":6,"column":0},"end":{"line":null,"column":-1}},"6":{"start":{"line":7,"column":0},"end":{"line":null,"column":-1}},"7":{"start":{"line":8,"column":0},"end":{"line":null,"column":-1}},"8":{"start":{"line":9,"column":0},"end":{"line":null,"column":-1}},"9":{"start":{"line":10,"column":0},"end":{"line":null,"column":-1}},"10":{"start":{"line":11,"column":0},"end":{"line":null,"column":-1}},"11":{"start":{"line":12,"column":0},"end":{"line":null,"column":-1}},"12":{"start":{"line":16,"column":4},"end":{"line":null,"column":-1}},"13":{"start":{"line":17,"column":4},"end":{"line":null,"column":-1}},"14":{"start":{"line":22,"column":4},"end":{"line":null,"column":-1}},"15":{"start":{"line":27,"column":8},"end":{"line":null,"column":-1}},"16":{"start":{"line":34,"column":4},"end":{"line":null,"column":-1}},"17":{"start":{"line":37,"column":10},"end":{"line":35,"column":6}}},"fnMap":{"0":{"name":"(anonymous_0)","decl":{"start":{"line":15,"column":2},"end":{"line":15,"column":12}},"loc":{"start":{"line":15,"column":26},"end":{"line":20,"column":3}}},"1":{"name":"(anonymous_1)","decl":{"start":{"line":21,"column":2},"end":{"line":21,"column":19}},"loc":{"start":{"line":21,"column":23},"end":{"line":32,"column":3}}},"2":{"name":"(anonymous_2)","decl":{"start":{"line":26,"column":14},"end":{"line":26,"column":19}},"loc":{"start":{"line":26,"column":20},"end":{"line":30,"column":7}}},"3":{"name":"(anonymous_3)","decl":{"start":{"line":33,"column":2},"end":{"line":33,"column":7}},"loc":{"start":{"line":33,"column":11},"end":{"line":57,"column":3}}},"4":{"name":"(anonymous_4)","decl":{"start":{"line":36,"column":10},"end":{"line":36,"column":8}},"loc":{"start":{"line":37,"column":10},"end":{"line":35,"column":6}}}},"branchMap":{"0":{"loc":{"start":{"line":39,"column":14},"end":{"line":38,"column":13}},"type":"cond-expr","locations":[{"start":{"line":39,"column":14},"end":{"line":38,"column":13}},{"start":{"line":52,"column":16},"end":{"line":37,"column":10}}]}},"s":{"0":0,"1":0,"2":0,"3":0,"4":0,"5":0,"6":0,"7":0,"8":0,"9":0,"10":0,"11":0,"12":0,"13":0,"14":0,"15":0,"16":0,"17":0},"f":{"0":0,"1":0,"2":0,"3":0,"4":0},"b":{"0":[0,0]}}
,"D:\\Projects\\worldtime\\client\\src\\index.js": {"path":"D:\\Projects\\worldtime\\client\\src\\index.js","statementMap":{"0":{"start":{"line":1,"column":0},"end":{"line":null,"column":-1}},"1":{"start":{"line":2,"column":0},"end":{"line":null,"column":-1}},"2":{"start":{"line":3,"column":0},"end":{"line":null,"column":-1}},"3":{"start":{"line":4,"column":0},"end":{"line":null,"column":-1}},"4":{"start":{"line":5,"column":0},"end":{"line":null,"column":-1}},"5":{"start":{"line":6,"column":0},"end":{"line":null,"column":-1}},"6":{"start":{"line":7,"column":0},"end":{"line":null,"column":-1}},"7":{"start":{"line":8,"column":0},"end":{"line":null,"column":-1}},"8":{"start":{"line":9,"column":0},"end":{"line":null,"column":-1}},"9":{"start":{"line":11,"column":13},"end":{"line":11,"column":0}},"10":{"start":{"line":16,"column":15},"end":{"line":16,"column":0}},"11":{"start":{"line":33,"column":0},"end":{"line":null,"column":-1}}},"fnMap":{},"branchMap":{},"s":{"0":0,"1":0,"2":0,"3":0,"4":0,"5":0,"6":0,"7":0,"8":0,"9":0,"10":0,"11":0},"f":{},"b":{}}
,"D:\\Projects\\worldtime\\client\\src\\serviceWorker.js": {"path":"D:\\Projects\\worldtime\\client\\src\\serviceWorker.js","statementMap":{"0":{"start":{"line":13,"column":20},"end":{"line":13,"column":0}},"1":{"start":{"line":24,"column":2},"end":{"line":54,"column":3}},"2":{"start":{"line":26,"column":22},"end":{"line":26,"column":4}},"3":{"start":{"line":27,"column":4},"end":{"line":32,"column":5}},"4":{"start":{"line":31,"column":6},"end":{"line":null,"column":-1}},"5":{"start":{"line":34,"column":4},"end":{"line":null,"column":-1}},"6":{"start":{"line":35,"column":21},"end":{"line":35,"column":6}},"7":{"start":{"line":37,"column":6},"end":{"line":52,"column":7}},"8":{"start":{"line":39,"column":8},"end":{"line":37,"column":23}},"9":{"start":{"line":43,"column":8},"end":{"line":null,"column":-1}},"10":{"start":{"line":44,"column":10},"end":{"line":null,"column":-1}},"11":{"start":{"line":51,"column":8},"end":{"line":null,"column":-1}},"12":{"start":{"line":58,"column":2},"end":{"line":null,"column":-1}},"13":{"start":{"line":61,"column":6},"end":{"line":null,"column":-1}},"14":{"start":{"line":62,"column":33},"end":{"line":62,"column":8}},"15":{"start":{"line":63,"column":8},"end":{"line":65,"column":9}},"16":{"start":{"line":64,"column":10},"end":{"line":null,"column":-1}},"17":{"start":{"line":66,"column":8},"end":{"line":null,"column":-1}},"18":{"start":{"line":67,"column":10},"end":{"line":92,"column":11}},"19":{"start":{"line":68,"column":12},"end":{"line":91,"column":13}},"20":{"start":{"line":72,"column":14},"end":{"line":68,"column":52}},"21":{"start":{"line":78,"column":14},"end":{"line":80,"column":15}},"22":{"start":{"line":79,"column":16},"end":{"line":null,"column":-1}},"23":{"start":{"line":85,"column":14},"end":{"line":81,"column":19}},"24":{"start":{"line":88,"column":14},"end":{"line":90,"column":15}},"25":{"start":{"line":89,"column":16},"end":{"line":null,"column":-1}},"26":{"start":{"line":97,"column":6},"end":{"line":null,"column":-1}},"27":{"start":{"line":103,"column":2},"end":{"line":null,"column":-1}},"28":{"start":{"line":106,"column":26},"end":{"line":106,"column":6}},"29":{"start":{"line":107,"column":6},"end":{"line":120,"column":7}},"30":{"start":{"line":112,"column":8},"end":{"line":null,"column":-1}},"31":{"start":{"line":113,"column":10},"end":{"line":null,"column":-1}},"32":{"start":{"line":114,"column":12},"end":{"line":null,"column":-1}},"33":{"start":{"line":119,"column":8},"end":{"line":null,"column":-1}},"34":{"start":{"line":123,"column":6},"end":{"line":null,"column":-1}},"35":{"start":{"line":130,"column":2},"end":{"line":134,"column":3}},"36":{"start":{"line":131,"column":4},"end":{"line":null,"column":-1}},"37":{"start":{"line":132,"column":6},"end":{"line":null,"column":-1}}},"fnMap":{"0":{"name":"register","decl":{"start":{"line":23,"column":16},"end":{"line":23,"column":7}},"loc":{"start":{"line":23,"column":33},"end":{"line":55,"column":1}}},"1":{"name":"(anonymous_1)","decl":{"start":{"line":34,"column":36},"end":{"line":34,"column":41}},"loc":{"start":{"line":34,"column":42},"end":{"line":34,"column":4}}},"2":{"name":"(anonymous_2)","decl":{"start":{"line":43,"column":43},"end":{"line":43,"column":48}},"loc":{"start":{"line":43,"column":49},"end":{"line":43,"column":8}}},"3":{"name":"registerValidSW","decl":{"start":{"line":57,"column":9},"end":{"line":57,"column":0}},"loc":{"start":{"line":57,"column":40},"end":{"line":99,"column":1}}},"4":{"name":"(anonymous_4)","decl":{"start":{"line":60,"column":10},"end":{"line":60,"column":21}},"loc":{"start":{"line":60,"column":26},"end":{"line":58,"column":2}}},"5":{"name":"(anonymous_5)","decl":{"start":{"line":61,"column":35},"end":{"line":61,"column":40}},"loc":{"start":{"line":61,"column":41},"end":{"line":61,"column":6}}},"6":{"name":"(anonymous_6)","decl":{"start":{"line":66,"column":41},"end":{"line":66,"column":46}},"loc":{"start":{"line":66,"column":47},"end":{"line":66,"column":8}}},"7":{"name":"(anonymous_7)","decl":{"start":{"line":96,"column":11},"end":{"line":96,"column":15}},"loc":{"start":{"line":96,"column":20},"end":{"line":58,"column":2}}},"8":{"name":"checkValidServiceWorker","decl":{"start":{"line":101,"column":9},"end":{"line":101,"column":0}},"loc":{"start":{"line":101,"column":48},"end":{"line":127,"column":1}}},"9":{"name":"(anonymous_9)","decl":{"start":{"line":104,"column":10},"end":{"line":104,"column":17}},"loc":{"start":{"line":104,"column":22},"end":{"line":103,"column":2}}},"10":{"name":"(anonymous_10)","decl":{"start":{"line":112,"column":43},"end":{"line":112,"column":54}},"loc":{"start":{"line":112,"column":59},"end":{"line":112,"column":8}}},"11":{"name":"(anonymous_11)","decl":{"start":{"line":113,"column":41},"end":{"line":113,"column":46}},"loc":{"start":{"line":113,"column":47},"end":{"line":113,"column":10}}},"12":{"name":"(anonymous_12)","decl":{"start":{"line":122,"column":11},"end":{"line":122,"column":16}},"loc":{"start":{"line":122,"column":17},"end":{"line":103,"column":2}}},"13":{"name":"unregister","decl":{"start":{"line":129,"column":16},"end":{"line":129,"column":7}},"loc":{"start":{"line":129,"column":29},"end":{"line":135,"column":1}}},"14":{"name":"(anonymous_14)","decl":{"start":{"line":131,"column":39},"end":{"line":131,"column":50}},"loc":{"start":{"line":131,"column":55},"end":{"line":131,"column":4}}}},"branchMap":{"0":{"loc":{"start":{"line":14,"column":2},"end":{"line":14,"column":1}},"type":"binary-expr","locations":[{"start":{"line":14,"column":2},"end":{"line":14,"column":1}},{"start":{"line":16,"column":4},"end":{"line":14,"column":2}},{"start":{"line":18,"column":4},"end":{"line":13,"column":27}}]},"1":{"loc":{"start":{"line":24,"column":2},"end":{"line":54,"column":3}},"type":"if","locations":[{"start":{"line":24,"column":2},"end":{"line":54,"column":3}},{"start":{"line":24,"column":2},"end":{"line":54,"column":3}}]},"2":{"loc":{"start":{"line":24,"column":6},"end":{"line":24,"column":5}},"type":"binary-expr","locations":[{"start":{"line":24,"column":6},"end":{"line":24,"column":5}},{"start":{"line":24,"column":47},"end":{"line":24,"column":2}}]},"3":{"loc":{"start":{"line":27,"column":4},"end":{"line":32,"column":5}},"type":"if","locations":[{"start":{"line":27,"column":4},"end":{"line":32,"column":5}},{"start":{"line":27,"column":4},"end":{"line":32,"column":5}}]},"4":{"loc":{"start":{"line":37,"column":6},"end":{"line":52,"column":7}},"type":"if","locations":[{"start":{"line":37,"column":6},"end":{"line":52,"column":7}},{"start":{"line":37,"column":6},"end":{"line":52,"column":7}}]},"5":{"loc":{"start":{"line":63,"column":8},"end":{"line":65,"column":9}},"type":"if","locations":[{"start":{"line":63,"column":8},"end":{"line":65,"column":9}},{"start":{"line":63,"column":8},"end":{"line":65,"column":9}}]},"6":{"loc":{"start":{"line":67,"column":10},"end":{"line":92,"column":11}},"type":"if","locations":[{"start":{"line":67,"column":10},"end":{"line":92,"column":11}},{"start":{"line":67,"column":10},"end":{"line":92,"column":11}}]},"7":{"loc":{"start":{"line":68,"column":12},"end":{"line":91,"column":13}},"type":"if","locations":[{"start":{"line":68,"column":12},"end":{"line":91,"column":13}},{"start":{"line":68,"column":12},"end":{"line":91,"column":13}}]},"8":{"loc":{"start":{"line":78,"column":14},"end":{"line":80,"column":15}},"type":"if","locations":[{"start":{"line":78,"column":14},"end":{"line":80,"column":15}},{"start":{"line":78,"column":14},"end":{"line":80,"column":15}}]},"9":{"loc":{"start":{"line":78,"column":18},"end":{"line":78,"column":24}},"type":"binary-expr","locations":[{"start":{"line":78,"column":18},"end":{"line":78,"column":24}},{"start":{"line":78,"column":28},"end":{"line":78,"column":14}}]},"10":{"loc":{"start":{"line":88,"column":14},"end":{"line":90,"column":15}},"type":"if","locations":[{"start":{"line":88,"column":14},"end":{"line":90,"column":15}},{"start":{"line":88,"column":14},"end":{"line":90,"column":15}}]},"11":{"loc":{"start":{"line":88,"column":18},"end":{"line":88,"column":24}},"type":"binary-expr","locations":[{"start":{"line":88,"column":18},"end":{"line":88,"column":24}},{"start":{"line":88,"column":28},"end":{"line":88,"column":14}}]},"12":{"loc":{"start":{"line":107,"column":6},"end":{"line":120,"column":7}},"type":"if","locations":[{"start":{"line":107,"column":6},"end":{"line":120,"column":7}},{"start":{"line":107,"column":6},"end":{"line":120,"column":7}}]},"13":{"loc":{"start":{"line":108,"column":8},"end":{"line":108,"column":7}},"type":"binary-expr","locations":[{"start":{"line":108,"column":8},"end":{"line":108,"column":7}},{"start":{"line":109,"column":9},"end":{"line":109,"column":8}},{"start":{"line":109,"column":32},"end":{"line":107,"column":6}}]},"14":{"loc":{"start":{"line":130,"column":2},"end":{"line":134,"column":3}},"type":"if","locations":[{"start":{"line":130,"column":2},"end":{"line":134,"column":3}},{"start":{"line":130,"column":2},"end":{"line":134,"column":3}}]}},"s":{"0":0,"1":0,"2":0,"3":0,"4":0,"5":0,"6":0,"7":0,"8":0,"9":0,"10":0,"11":0,"12":0,"13":0,"14":0,"15":0,"16":0,"17":0,"18":0,"19":0,"20":0,"21":0,"22":0,"23":0,"24":0,"25":0,"26":0,"27":0,"28":0,"29":0,"30":0,"31":0,"32":0,"33":0,"34":0,"35":0,"36":0,"37":0},"f":{"0":0,"1":0,"2":0,"3":0,"4":0,"5":0,"6":0,"7":0,"8":0,"9":0,"10":0,"11":0,"12":0,"13":0,"14":0},"b":{"0":[0,0,0],"1":[0,0],"2":[0,0],"3":[0,0],"4":[0,0],"5":[0,0],"6":[0,0],"7":[0,0],"8":[0,0],"9":[0,0],"10":[0,0],"11":[0,0],"12":[0,0],"13":[0,0,0],"14":[0,0]}}
,"D:\\Projects\\worldtime\\client\\src\\components\\assets.tsx": {"path":"D:\\Projects\\worldtime\\client\\src\\components\\assets.tsx","statementMap":{},"fnMap":{},"branchMap":{},"s":{},"f":{},"b":{},"_coverageSchema":"332fd63041d2c1bcb487cc26dd0d5f7d97098a6c","hash":"d8499ae3a1d44c8d40a20078549aa71003066b77"}
,"D:\\Projects\\worldtime\\client\\src\\components\\footer.tsx": {"path":"D:\\Projects\\worldtime\\client\\src\\components\\footer.tsx","statementMap":{"0":{"start":{"line":1,"column":0},"end":{"line":null,"column":-1}},"1":{"start":{"line":2,"column":0},"end":{"line":null,"column":-1}},"2":{"start":{"line":3,"column":0},"end":{"line":null,"column":-1}},"3":{"start":{"line":4,"column":0},"end":{"line":null,"column":-1}},"4":{"start":{"line":5,"column":0},"end":{"line":null,"column":-1}},"5":{"start":{"line":7,"column":15},"end":{"line":7,"column":0}},"6":{"start":{"line":28,"column":15},"end":{"line":28,"column":0}},"7":{"start":{"line":38,"column":19},"end":{"line":38,"column":0}},"8":{"start":{"line":51,"column":18},"end":{"line":51,"column":0}},"9":{"start":{"line":62,"column":13},"end":{"line":62,"column":0}},"10":{"start":{"line":70,"column":15},"end":{"line":70,"column":0}}},"fnMap":{},"branchMap":{},"s":{"0":0,"1":0,"2":0,"3":0,"4":0,"5":0,"6":0,"7":0,"8":0,"9":0,"10":0},"f":{},"b":{}}
,"D:\\Projects\\worldtime\\client\\src\\components\\header-styles.tsx": {"path":"D:\\Projects\\worldtime\\client\\src\\components\\header-styles.tsx","statementMap":{"0":{"start":{"line":1,"column":0},"end":{"line":null,"column":-1}},"1":{"start":{"line":3,"column":22},"end":{"line":3,"column":7}},"2":{"start":{"line":18,"column":20},"end":{"line":18,"column":7}},"3":{"start":{"line":31,"column":20},"end":{"line":31,"column":7}},"4":{"start":{"line":39,"column":22},"end":{"line":39,"column":7}},"5":{"start":{"line":49,"column":20},"end":{"line":49,"column":7}}},"fnMap":{},"branchMap":{},"s":{"0":0,"1":0,"2":0,"3":0,"4":0,"5":0},"f":{},"b":{}}
,"D:\\Projects\\worldtime\\client\\src\\components\\header.tsx": {"path":"D:\\Projects\\worldtime\\client\\src\\components\\header.tsx","statementMap":{"0":{"start":{"line":1,"column":0},"end":{"line":null,"column":-1}},"1":{"start":{"line":2,"column":0},"end":{"line":null,"column":-1}},"2":{"start":{"line":3,"column":0},"end":{"line":null,"column":-1}},"3":{"start":{"line":4,"column":0},"end":{"line":null,"column":-1}},"4":{"start":{"line":5,"column":0},"end":{"line":null,"column":-1}},"5":{"start":{"line":6,"column":0},"end":{"line":null,"column":-1}},"6":{"start":{"line":7,"column":0},"end":{"line":null,"column":-1}},"7":{"start":{"line":8,"column":0},"end":{"line":null,"column":-1}},"8":{"start":{"line":9,"column":0},"end":{"line":null,"column":-1}},"9":{"start":{"line":20,"column":8},"end":{"line":null,"column":-1}},"10":{"start":{"line":24,"column":16},"end":{"line":null,"column":-1}},"11":{"start":{"line":31,"column":16},"end":{"line":null,"column":-1}},"12":{"start":{"line":32,"column":16},"end":{"line":null,"column":-1}},"13":{"start":{"line":33,"column":16},"end":{"line":null,"column":-1}}},"fnMap":{"0":{"name":"(anonymous_1)","decl":{"start":{"line":14,"column":7},"end":{"line":15,"column":8}},"loc":{"start":{"line":19,"column":11},"end":{"line":13,"column":4}}},"1":{"name":"(anonymous_2)","decl":{"start":{"line":23,"column":23},"end":{"line":23,"column":28}},"loc":{"start":{"line":23,"column":29},"end":{"line":22,"column":12}}},"2":{"name":"(anonymous_3)","decl":{"start":{"line":30,"column":23},"end":{"line":30,"column":28}},"loc":{"start":{"line":30,"column":29},"end":{"line":29,"column":12}}}},"branchMap":{},"s":{"0":0,"1":0,"2":0,"3":0,"4":0,"5":0,"6":0,"7":0,"8":0,"9":0,"10":0,"11":0,"12":0,"13":0},"f":{"0":0,"1":0,"2":0},"b":{}}
,"D:\\Projects\\worldtime\\client\\src\\components\\common\\loadingState.ts": {"path":"D:\\Projects\\worldtime\\client\\src\\components\\common\\loadingState.ts","statementMap":{"0":{"start":{"line":1,"column":0},"end":{"line":null,"column":-1}},"1":{"start":{"line":8,"column":4},"end":{"line":null,"column":-1}},"2":{"start":{"line":9,"column":4},"end":{"line":null,"column":-1}},"3":{"start":{"line":16,"column":4},"end":{"line":null,"column":-1}}},"fnMap":{"0":{"name":"(anonymous_0)","decl":{"start":{"line":7,"column":2},"end":{"line":7,"column":12}},"loc":{"start":{"line":7,"column":16},"end":{"line":13,"column":3}}},"1":{"name":"(anonymous_1)","decl":{"start":{"line":15,"column":2},"end":{"line":15,"column":20}},"loc":{"start":{"line":15,"column":39},"end":{"line":19,"column":3}}}},"branchMap":{},"s":{"0":0,"1":0,"2":0,"3":0},"f":{"0":0,"1":0},"b":{}}
,"D:\\Projects\\worldtime\\client\\src\\components\\common\\mainState.ts": {"path":"D:\\Projects\\worldtime\\client\\src\\components\\common\\mainState.ts","statementMap":{"0":{"start":{"line":1,"column":0},"end":{"line":null,"column":-1}},"1":{"start":{"line":2,"column":0},"end":{"line":null,"column":-1}},"2":{"start":{"line":9,"column":4},"end":{"line":null,"column":-1}},"3":{"start":{"line":10,"column":4},"end":{"line":null,"column":-1}},"4":{"start":{"line":19,"column":4},"end":{"line":null,"column":-1}},"5":{"start":{"line":25,"column":4},"end":{"line":null,"column":-1}}},"fnMap":{"0":{"name":"(anonymous_0)","decl":{"start":{"line":8,"column":2},"end":{"line":8,"column":12}},"loc":{"start":{"line":8,"column":16},"end":{"line":16,"column":3}}},"1":{"name":"(anonymous_1)","decl":{"start":{"line":18,"column":2},"end":{"line":18,"column":10}},"loc":{"start":{"line":18,"column":14},"end":{"line":22,"column":3}}},"2":{"name":"(anonymous_2)","decl":{"start":{"line":24,"column":2},"end":{"line":24,"column":6}},"loc":{"start":{"line":24,"column":10},"end":{"line":31,"column":3}}}},"branchMap":{},"s":{"0":0,"1":0,"2":0,"3":0,"4":0,"5":0},"f":{"0":0,"1":0,"2":0},"b":{}}
,"D:\\Projects\\worldtime\\client\\src\\components\\detail\\date-time.tsx": {"path":"D:\\Projects\\worldtime\\client\\src\\components\\detail\\date-time.tsx","statementMap":{"0":{"start":{"line":7,"column":42},"end":{"line":10,"column":46}},"1":{"start":{"line":8,"column":2},"end":{"line":10,"column":46}},"2":{"start":{"line":12,"column":40},"end":{"line":15,"column":48}},"3":{"start":{"line":13,"column":2},"end":{"line":15,"column":48}},"4":{"start":{"line":22,"column":39},"end":{"line":50,"column":1}},"5":{"start":{"line":23,"column":2},"end":{"line":49,"column":10}},"6":{"start":{"line":29,"column":8},"end":{"line":46,"column":10}}},"fnMap":{"0":{"name":"(anonymous_0)","decl":{"start":{"line":7,"column":42},"end":{"line":7,"column":43}},"loc":{"start":{"line":8,"column":2},"end":{"line":10,"column":46}},"line":8},"1":{"name":"(anonymous_1)","decl":{"start":{"line":12,"column":40},"end":{"line":12,"column":41}},"loc":{"start":{"line":13,"column":2},"end":{"line":15,"column":48}},"line":13},"2":{"name":"(anonymous_2)","decl":{"start":{"line":22,"column":39},"end":{"line":22,"column":40}},"loc":{"start":{"line":23,"column":2},"end":{"line":49,"column":10}},"line":23},"3":{"name":"(anonymous_3)","decl":{"start":{"line":28,"column":7},"end":{"line":28,"column":8}},"loc":{"start":{"line":28,"column":27},"end":{"line":47,"column":7}},"line":28}},"branchMap":{"0":{"loc":{"start":{"line":29,"column":15},"end":{"line":46,"column":9}},"type":"cond-expr","locations":[{"start":{"line":30,"column":10},"end":{"line":35,"column":27}},{"start":{"line":37,"column":10},"end":{"line":45,"column":27}}],"line":29}},"s":{"0":2,"1":2,"2":2,"3":0,"4":2,"5":2,"6":2},"f":{"0":2,"1":0,"2":2,"3":2},"b":{"0":[0,2]},"_coverageSchema":"332fd63041d2c1bcb487cc26dd0d5f7d97098a6c","hash":"6ab1a6669e6a09bcb57ed99c333acc62c3434c65"}
,"D:\\Projects\\worldtime\\client\\src\\components\\detail\\details-style.tsx": {"path":"D:\\Projects\\worldtime\\client\\src\\components\\detail\\details-style.tsx","statementMap":{"0":{"start":{"line":4,"column":30},"end":{"line":19,"column":1}},"1":{"start":{"line":21,"column":35},"end":{"line":28,"column":2}},"2":{"start":{"line":30,"column":19},"end":{"line":31,"column":1}},"3":{"start":{"line":33,"column":24},"end":{"line":69,"column":1}},"4":{"start":{"line":71,"column":20},"end":{"line":75,"column":1}},"5":{"start":{"line":77,"column":21},"end":{"line":82,"column":1}},"6":{"start":{"line":84,"column":20},"end":{"line":100,"column":1}},"7":{"start":{"line":102,"column":20},"end":{"line":108,"column":1}},"8":{"start":{"line":110,"column":20},"end":{"line":113,"column":1}},"9":{"start":{"line":115,"column":20},"end":{"line":115,"column":32}},"10":{"start":{"line":117,"column":23},"end":{"line":141,"column":1}}},"fnMap":{},"branchMap":{},"s":{"0":2,"1":2,"2":2,"3":2,"4":2,"5":2,"6":2,"7":2,"8":2,"9":2,"10":2},"f":{},"b":{},"_coverageSchema":"332fd63041d2c1bcb487cc26dd0d5f7d97098a6c","hash":"69e5c8c5e8dd4ce7b1d1db21b9a9d1cf0821a619"}
,"D:\\Projects\\worldtime\\client\\src\\components\\detail\\details.tsx": {"path":"D:\\Projects\\worldtime\\client\\src\\components\\detail\\details.tsx","statementMap":{"0":{"start":{"line":8,"column":14},"end":{"line":8,"column":32}},"1":{"start":{"line":16,"column":35},"end":{"line":24,"column":1}},"2":{"start":{"line":17,"column":15},"end":{"line":17,"column":51}},"3":{"start":{"line":18,"column":2},"end":{"line":23,"column":4}},"4":{"start":{"line":26,"column":36},"end":{"line":79,"column":1}},"5":{"start":{"line":36,"column":2},"end":{"line":78,"column":24}},"6":{"start":{"line":42,"column":24},"end":{"line":42,"column":36}},"7":{"start":{"line":44,"column":8},"end":{"line":46,"column":15}},"8":{"start":{"line":49,"column":24},"end":{"line":49,"column":36}},"9":{"start":{"line":51,"column":8},"end":{"line":53,"column":15}},"10":{"start":{"line":56,"column":24},"end":{"line":56,"column":36}},"11":{"start":{"line":58,"column":8},"end":{"line":60,"column":15}},"12":{"start":{"line":63,"column":24},"end":{"line":63,"column":32}},"13":{"start":{"line":65,"column":8},"end":{"line":67,"column":15}},"14":{"start":{"line":70,"column":24},"end":{"line":70,"column":33}},"15":{"start":{"line":72,"column":8},"end":{"line":74,"column":15}}},"fnMap":{"0":{"name":"(anonymous_0)","decl":{"start":{"line":16,"column":35},"end":{"line":16,"column":36}},"loc":{"start":{"line":16,"column":70},"end":{"line":24,"column":1}},"line":16},"1":{"name":"(anonymous_1)","decl":{"start":{"line":26,"column":36},"end":{"line":26,"column":37}},"loc":{"start":{"line":36,"column":2},"end":{"line":78,"column":24}},"line":36},"2":{"name":"(anonymous_2)","decl":{"start":{"line":42,"column":18},"end":{"line":42,"column":19}},"loc":{"start":{"line":42,"column":24},"end":{"line":42,"column":36}},"line":42},"3":{"name":"(anonymous_3)","decl":{"start":{"line":43,"column":7},"end":{"line":43,"column":8}},"loc":{"start":{"line":44,"column":8},"end":{"line":46,"column":15}},"line":44},"4":{"name":"(anonymous_4)","decl":{"start":{"line":49,"column":18},"end":{"line":49,"column":19}},"loc":{"start":{"line":49,"column":24},"end":{"line":49,"column":36}},"line":49},"5":{"name":"(anonymous_5)","decl":{"start":{"line":50,"column":7},"end":{"line":50,"column":8}},"loc":{"start":{"line":51,"column":8},"end":{"line":53,"column":15}},"line":51},"6":{"name":"(anonymous_6)","decl":{"start":{"line":56,"column":18},"end":{"line":56,"column":19}},"loc":{"start":{"line":56,"column":24},"end":{"line":56,"column":36}},"line":56},"7":{"name":"(anonymous_7)","decl":{"start":{"line":57,"column":7},"end":{"line":57,"column":8}},"loc":{"start":{"line":58,"column":8},"end":{"line":60,"column":15}},"line":58},"8":{"name":"(anonymous_8)","decl":{"start":{"line":63,"column":18},"end":{"line":63,"column":19}},"loc":{"start":{"line":63,"column":24},"end":{"line":63,"column":32}},"line":63},"9":{"name":"(anonymous_9)","decl":{"start":{"line":64,"column":7},"end":{"line":64,"column":8}},"loc":{"start":{"line":65,"column":8},"end":{"line":67,"column":15}},"line":65},"10":{"name":"(anonymous_10)","decl":{"start":{"line":70,"column":18},"end":{"line":70,"column":19}},"loc":{"start":{"line":70,"column":24},"end":{"line":70,"column":33}},"line":70},"11":{"name":"(anonymous_11)","decl":{"start":{"line":71,"column":7},"end":{"line":71,"column":8}},"loc":{"start":{"line":72,"column":8},"end":{"line":74,"column":15}},"line":72}},"branchMap":{"0":{"loc":{"start":{"line":20,"column":13},"end":{"line":20,"column":27}},"type":"binary-expr","locations":[{"start":{"line":20,"column":13},"end":{"line":20,"column":17}},{"start":{"line":20,"column":21},"end":{"line":20,"column":27}}],"line":20},"1":{"loc":{"start":{"line":21,"column":7},"end":{"line":21,"column":29}},"type":"binary-expr","locations":[{"start":{"line":21,"column":7},"end":{"line":21,"column":15}},{"start":{"line":21,"column":19},"end":{"line":21,"column":29}}],"line":21}},"s":{"0":1,"1":1,"2":5,"3":5,"4":1,"5":1,"6":1,"7":1,"8":1,"9":1,"10":1,"11":1,"12":1,"13":1,"14":1,"15":1},"f":{"0":5,"1":1,"2":1,"3":1,"4":1,"5":1,"6":1,"7":1,"8":1,"9":1,"10":1,"11":1},"b":{"0":[5,5],"1":[5,5]},"_coverageSchema":"332fd63041d2c1bcb487cc26dd0d5f7d97098a6c","hash":"ef6efa03ce123abd10a6448b2a5069df17862f3c"}
,"D:\\Projects\\worldtime\\client\\src\\components\\detail\\index.tsx": {"path":"D:\\Projects\\worldtime\\client\\src\\components\\detail\\index.tsx","statementMap":{"0":{"start":{"line":1,"column":0},"end":{"line":null,"column":-1}},"1":{"start":{"line":2,"column":0},"end":{"line":null,"column":-1}},"2":{"start":{"line":3,"column":0},"end":{"line":null,"column":-1}},"3":{"start":{"line":4,"column":0},"end":{"line":null,"column":-1}},"4":{"start":{"line":5,"column":0},"end":{"line":null,"column":-1}},"5":{"start":{"line":6,"column":0},"end":{"line":null,"column":-1}},"6":{"start":{"line":7,"column":0},"end":{"line":null,"column":-1}},"7":{"start":{"line":8,"column":0},"end":{"line":null,"column":-1}},"8":{"start":{"line":10,"column":14},"end":{"line":10,"column":0}},"9":{"start":{"line":28,"column":6},"end":{"line":null,"column":-1}},"10":{"start":{"line":44,"column":23},"end":{"line":44,"column":12}},"11":{"start":{"line":45,"column":12},"end":{"line":55,"column":13}},"12":{"start":{"line":46,"column":14},"end":{"line":null,"column":-1}},"13":{"start":{"line":51,"column":19},"end":{"line":55,"column":13}},"14":{"start":{"line":52,"column":14},"end":{"line":null,"column":-1}},"15":{"start":{"line":53,"column":19},"end":{"line":55,"column":13}},"16":{"start":{"line":54,"column":14},"end":{"line":null,"column":-1}},"17":{"start":{"line":56,"column":12},"end":{"line":null,"column":-1}}},"fnMap":{"0":{"name":"(anonymous_1)","decl":{"start":{"line":27,"column":5},"end":{"line":27,"column":6}},"loc":{"start":{"line":27,"column":61},"end":{"line":26,"column":2}}},"1":{"name":"(anonymous_2)","decl":{"start":{"line":43,"column":11},"end":{"line":43,"column":12}},"loc":{"start":{"line":43,"column":41},"end":{"line":29,"column":8}}}},"branchMap":{"0":{"loc":{"start":{"line":33,"column":14},"end":{"line":33,"column":13}},"type":"binary-expr","locations":[{"start":{"line":33,"column":14},"end":{"line":33,"column":13}},{"start":{"line":34,"column":14},"end":{"line":34,"column":30}}]},"1":{"loc":{"start":{"line":39,"column":16},"end":{"line":37,"column":12}},"type":"cond-expr","locations":[{"start":{"line":39,"column":16},"end":{"line":37,"column":12}},{"start":{"line":40,"column":16},"end":{"line":29,"column":8}}]},"2":{"loc":{"start":{"line":37,"column":12},"end":{"line":37,"column":11}},"type":"binary-expr","locations":[{"start":{"line":37,"column":12},"end":{"line":37,"column":11}},{"start":{"line":38,"column":12},"end":{"line":37,"column":12}}]},"3":{"loc":{"start":{"line":45,"column":12},"end":{"line":55,"column":13}},"type":"if","locations":[{"start":{"line":45,"column":12},"end":{"line":55,"column":13}},{"start":{"line":45,"column":12},"end":{"line":55,"column":13}}]},"4":{"loc":{"start":{"line":51,"column":19},"end":{"line":55,"column":13}},"type":"if","locations":[{"start":{"line":51,"column":19},"end":{"line":55,"column":13}},{"start":{"line":51,"column":19},"end":{"line":55,"column":13}}]},"5":{"loc":{"start":{"line":51,"column":23},"end":{"line":51,"column":22}},"type":"binary-expr","locations":[{"start":{"line":51,"column":23},"end":{"line":51,"column":22}},{"start":{"line":51,"column":35},"end":{"line":51,"column":19}}]},"6":{"loc":{"start":{"line":53,"column":19},"end":{"line":55,"column":13}},"type":"if","locations":[{"start":{"line":53,"column":19},"end":{"line":55,"column":13}},{"start":{"line":53,"column":19},"end":{"line":55,"column":13}}]}},"s":{"0":0,"1":0,"2":0,"3":0,"4":0,"5":0,"6":0,"7":0,"8":0,"9":0,"10":0,"11":0,"12":0,"13":0,"14":0,"15":0,"16":0,"17":0},"f":{"0":0,"1":0},"b":{"0":[0,0],"1":[0,0],"2":[0,0],"3":[0,0],"4":[0,0],"5":[0,0],"6":[0,0]}}
,"D:\\Projects\\worldtime\\client\\src\\components\\favorite\\favorite-styles.tsx": {"path":"D:\\Projects\\worldtime\\client\\src\\components\\favorite\\favorite-styles.tsx","statementMap":{"0":{"start":{"line":3,"column":26},"end":{"line":29,"column":1}},"1":{"start":{"line":31,"column":20},"end":{"line":37,"column":1}}},"fnMap":{},"branchMap":{},"s":{"0":1,"1":1},"f":{},"b":{},"_coverageSchema":"332fd63041d2c1bcb487cc26dd0d5f7d97098a6c","hash":"bf8a9349ac2d54164df229aba6909206e5fea2e9"}
,"D:\\Projects\\worldtime\\client\\src\\components\\favorite\\favorite.tsx": {"path":"D:\\Projects\\worldtime\\client\\src\\components\\favorite\\favorite.tsx","statementMap":{"0":{"start":{"line":12,"column":39},"end":{"line":35,"column":1}},"1":{"start":{"line":13,"column":2},"end":{"line":34,"column":11}},"2":{"start":{"line":15,"column":6},"end":{"line":32,"column":8}},"3":{"start":{"line":19,"column":12},"end":{"line":19,"column":21}},"4":{"start":{"line":20,"column":12},"end":{"line":22,"column":19}},"5":{"start":{"line":21,"column":14},"end":{"line":21,"column":35}}},"fnMap":{"0":{"name":"(anonymous_0)","decl":{"start":{"line":12,"column":39},"end":{"line":12,"column":40}},"loc":{"start":{"line":13,"column":2},"end":{"line":34,"column":11}},"line":13},"1":{"name":"(anonymous_1)","decl":{"start":{"line":14,"column":5},"end":{"line":14,"column":6}},"loc":{"start":{"line":14,"column":25},"end":{"line":33,"column":5}},"line":14},"2":{"name":"(anonymous_2)","decl":{"start":{"line":18,"column":19},"end":{"line":18,"column":20}},"loc":{"start":{"line":18,"column":25},"end":{"line":23,"column":11}},"line":18},"3":{"name":"(anonymous_3)","decl":{"start":{"line":20,"column":23},"end":{"line":20,"column":24}},"loc":{"start":{"line":20,"column":29},"end":{"line":22,"column":13}},"line":20}},"branchMap":{"0":{"loc":{"start":{"line":25,"column":17},"end":{"line":25,"column":59}},"type":"cond-expr","locations":[{"start":{"line":25,"column":30},"end":{"line":25,"column":42}},{"start":{"line":25,"column":45},"end":{"line":25,"column":59}}],"line":25},"1":{"loc":{"start":{"line":26,"column":11},"end":{"line":30,"column":11}},"type":"cond-expr","locations":[{"start":{"line":27,"column":12},"end":{"line":27,"column":78}},{"start":{"line":29,"column":12},"end":{"line":29,"column":75}}],"line":26}},"s":{"0":1,"1":1,"2":1,"3":0,"4":0,"5":0},"f":{"0":1,"1":1,"2":0,"3":0},"b":{"0":[1,0],"1":[1,0]},"_coverageSchema":"332fd63041d2c1bcb487cc26dd0d5f7d97098a6c","hash":"2ef99458a873397402f118f82cd24269f7b0bee6"}
,"D:\\Projects\\worldtime\\client\\src\\components\\favorite\\favoriteState.tsx": {"path":"D:\\Projects\\worldtime\\client\\src\\components\\favorite\\favoriteState.tsx","statementMap":{"0":{"start":{"line":1,"column":0},"end":{"line":null,"column":-1}},"1":{"start":{"line":2,"column":0},"end":{"line":null,"column":-1}},"2":{"start":{"line":3,"column":0},"end":{"line":null,"column":-1}},"3":{"start":{"line":7,"column":4},"end":{"line":null,"column":-1}},"4":{"start":{"line":8,"column":4},"end":{"line":null,"column":-1}},"5":{"start":{"line":14,"column":20},"end":{"line":14,"column":4}},"6":{"start":{"line":15,"column":4},"end":{"line":null,"column":-1}},"7":{"start":{"line":16,"column":4},"end":{"line":null,"column":-1}},"8":{"start":{"line":19,"column":4},"end":{"line":null,"column":-1}},"9":{"start":{"line":23,"column":20},"end":{"line":23,"column":4}},"10":{"start":{"line":24,"column":4},"end":{"line":null,"column":-1}},"11":{"start":{"line":24,"column":27},"end":{"line":24,"column":4}},"12":{"start":{"line":25,"column":4},"end":{"line":null,"column":-1}},"13":{"start":{"line":28,"column":4},"end":{"line":null,"column":-1}}},"fnMap":{"0":{"name":"(anonymous_0)","decl":{"start":{"line":6,"column":2},"end":{"line":6,"column":12}},"loc":{"start":{"line":6,"column":16},"end":{"line":11,"column":3}}},"1":{"name":"(anonymous_1)","decl":{"start":{"line":13,"column":2},"end":{"line":13,"column":12}},"loc":{"start":{"line":13,"column":32},"end":{"line":20,"column":3}}},"2":{"name":"(anonymous_2)","decl":{"start":{"line":22,"column":2},"end":{"line":22,"column":15}},"loc":{"start":{"line":22,"column":35},"end":{"line":29,"column":3}}},"3":{"name":"(anonymous_3)","decl":{"start":{"line":24,"column":22},"end":{"line":24,"column":23}},"loc":{"start":{"line":24,"column":27},"end":{"line":24,"column":4}}}},"branchMap":{"0":{"loc":{"start":{"line":9,"column":17},"end":{"line":9,"column":48}},"type":"binary-expr","locations":[{"start":{"line":9,"column":17},"end":{"line":9,"column":48}},{"start":{"line":9,"column":49},"end":{"line":null,"column":-1}}]}},"s":{"0":0,"1":0,"2":0,"3":0,"4":0,"5":0,"6":0,"7":0,"8":0,"9":0,"10":0,"11":0,"12":0,"13":0},"f":{"0":0,"1":0,"2":0,"3":0},"b":{"0":[0,0]}}
,"D:\\Projects\\worldtime\\client\\src\\components\\favorite\\index.tsx": {"path":"D:\\Projects\\worldtime\\client\\src\\components\\favorite\\index.tsx","statementMap":{"0":{"start":{"line":1,"column":0},"end":{"line":null,"column":-1}},"1":{"start":{"line":2,"column":0},"end":{"line":null,"column":-1}},"2":{"start":{"line":3,"column":0},"end":{"line":null,"column":-1}},"3":{"start":{"line":4,"column":0},"end":{"line":null,"column":-1}},"4":{"start":{"line":5,"column":0},"end":{"line":null,"column":-1}},"5":{"start":{"line":6,"column":0},"end":{"line":null,"column":-1}},"6":{"start":{"line":8,"column":28},"end":{"line":8,"column":0}},"7":{"start":{"line":9,"column":2},"end":{"line":8,"column":0}},"8":{"start":{"line":11,"column":17},"end":{"line":11,"column":6}},"9":{"start":{"line":12,"column":23},"end":{"line":12,"column":6}},"10":{"start":{"line":13,"column":6},"end":{"line":27,"column":7}},"11":{"start":{"line":14,"column":27},"end":{"line":14,"column":8}},"12":{"start":{"line":15,"column":8},"end":{"line":null,"column":-1}},"13":{"start":{"line":19,"column":14},"end":{"line":23,"column":15}},"14":{"start":{"line":20,"column":16},"end":{"line":null,"column":-1}},"15":{"start":{"line":22,"column":16},"end":{"line":null,"column":-1}},"16":{"start":{"line":28,"column":6},"end":{"line":null,"column":-1}}},"fnMap":{"0":{"name":"(anonymous_0)","decl":{"start":{"line":8,"column":28},"end":{"line":9,"column":1}},"loc":{"start":{"line":9,"column":2},"end":{"line":8,"column":0}}},"1":{"name":"(anonymous_1)","decl":{"start":{"line":10,"column":5},"end":{"line":10,"column":6}},"loc":{"start":{"line":10,"column":66},"end":{"line":9,"column":2}}},"2":{"name":"(anonymous_2)","decl":{"start":{"line":18,"column":30},"end":{"line":18,"column":28}},"loc":{"start":{"line":18,"column":49},"end":{"line":16,"column":10}}}},"branchMap":{"0":{"loc":{"start":{"line":13,"column":6},"end":{"line":27,"column":7}},"type":"if","locations":[{"start":{"line":13,"column":6},"end":{"line":27,"column":7}},{"start":{"line":13,"column":6},"end":{"line":27,"column":7}}]},"1":{"loc":{"start":{"line":19,"column":14},"end":{"line":23,"column":15}},"type":"if","locations":[{"start":{"line":19,"column":14},"end":{"line":23,"column":15}},{"start":{"line":19,"column":14},"end":{"line":23,"column":15}}]}},"s":{"0":0,"1":0,"2":0,"3":0,"4":0,"5":0,"6":0,"7":0,"8":0,"9":0,"10":0,"11":0,"12":0,"13":0,"14":0,"15":0,"16":0},"f":{"0":0,"1":0,"2":0},"b":{"0":[0,0],"1":[0,0]}}
,"D:\\Projects\\worldtime\\client\\src\\components\\regions\\index.tsx": {"path":"D:\\Projects\\worldtime\\client\\src\\components\\regions\\index.tsx","statementMap":{"0":{"start":{"line":1,"column":0},"end":{"line":null,"column":-1}},"1":{"start":{"line":2,"column":0},"end":{"line":null,"column":-1}},"2":{"start":{"line":4,"column":0},"end":{"line":null,"column":-1}},"3":{"start":{"line":5,"column":0},"end":{"line":null,"column":-1}},"4":{"start":{"line":6,"column":0},"end":{"line":null,"column":-1}},"5":{"start":{"line":8,"column":39},"end":{"line":8,"column":0}},"6":{"start":{"line":9,"column":2},"end":{"line":null,"column":-1}},"7":{"start":{"line":12,"column":8},"end":{"line":null,"column":-1}},"8":{"start":{"line":15,"column":14},"end":{"line":14,"column":13}},"9":{"start":{"line":18,"column":18},"end":{"line":null,"column":-1}}},"fnMap":{"0":{"name":"(anonymous_0)","decl":{"start":{"line":8,"column":39},"end":{"line":8,"column":40}},"loc":{"start":{"line":8,"column":69},"end":{"line":8,"column":0}}},"1":{"name":"(anonymous_1)","decl":{"start":{"line":11,"column":8},"end":{"line":11,"column":6}},"loc":{"start":{"line":11,"column":41},"end":{"line":10,"column":4}}},"2":{"name":"(anonymous_2)","decl":{"start":{"line":14,"column":25},"end":{"line":14,"column":30}},"loc":{"start":{"line":15,"column":14},"end":{"line":14,"column":13}}},"3":{"name":"(anonymous_3)","decl":{"start":{"line":17,"column":33},"end":{"line":17,"column":38}},"loc":{"start":{"line":17,"column":39},"end":{"line":15,"column":14}}}},"branchMap":{},"s":{"0":0,"1":0,"2":0,"3":0,"4":0,"5":0,"6":0,"7":0,"8":0,"9":0},"f":{"0":0,"1":0,"2":0,"3":0},"b":{}}
,"D:\\Projects\\worldtime\\client\\src\\components\\regions\\region.tsx": {"path":"D:\\Projects\\worldtime\\client\\src\\components\\regions\\region.tsx","statementMap":{"0":{"start":{"line":17,"column":37},"end":{"line":48,"column":1}},"1":{"start":{"line":18,"column":2},"end":{"line":47,"column":18}},"2":{"start":{"line":21,"column":6},"end":{"line":23,"column":7}},"3":{"start":{"line":22,"column":8},"end":{"line":22,"column":30}}},"fnMap":{"0":{"name":"(anonymous_0)","decl":{"start":{"line":17,"column":37},"end":{"line":17,"column":38}},"loc":{"start":{"line":18,"column":2},"end":{"line":47,"column":18}},"line":18},"1":{"name":"(anonymous_1)","decl":{"start":{"line":20,"column":13},"end":{"line":20,"column":14}},"loc":{"start":{"line":20,"column":19},"end":{"line":24,"column":5}},"line":20}},"branchMap":{"0":{"loc":{"start":{"line":21,"column":6},"end":{"line":23,"column":7}},"type":"if","locations":[{"start":{"line":21,"column":6},"end":{"line":23,"column":7}},{"start":{"line":21,"column":6},"end":{"line":23,"column":7}}],"line":21},"1":{"loc":{"start":{"line":30,"column":7},"end":{"line":32,"column":14}},"type":"cond-expr","locations":[{"start":{"line":31,"column":8},"end":{"line":31,"column":59}},{"start":{"line":32,"column":10},"end":{"line":32,"column":14}}],"line":30},"2":{"loc":{"start":{"line":31,"column":18},"end":{"line":31,"column":44}},"type":"cond-expr","locations":[{"start":{"line":31,"column":29},"end":{"line":31,"column":37}},{"start":{"line":31,"column":40},"end":{"line":31,"column":44}}],"line":31},"3":{"loc":{"start":{"line":33,"column":7},"end":{"line":35,"column":14}},"type":"cond-expr","locations":[{"start":{"line":34,"column":8},"end":{"line":34,"column":65}},{"start":{"line":35,"column":10},"end":{"line":35,"column":14}}],"line":33},"4":{"loc":{"start":{"line":34,"column":18},"end":{"line":34,"column":48}},"type":"cond-expr","locations":[{"start":{"line":34,"column":29},"end":{"line":34,"column":39}},{"start":{"line":34,"column":42},"end":{"line":34,"column":48}}],"line":34},"5":{"loc":{"start":{"line":36,"column":7},"end":{"line":38,"column":14}},"type":"cond-expr","locations":[{"start":{"line":37,"column":8},"end":{"line":37,"column":68}},{"start":{"line":38,"column":10},"end":{"line":38,"column":14}}],"line":36},"6":{"loc":{"start":{"line":37,"column":18},"end":{"line":37,"column":50}},"type":"cond-expr","locations":[{"start":{"line":37,"column":29},"end":{"line":37,"column":40}},{"start":{"line":37,"column":43},"end":{"line":37,"column":50}}],"line":37},"7":{"loc":{"start":{"line":39,"column":7},"end":{"line":41,"column":14}},"type":"cond-expr","locations":[{"start":{"line":40,"column":8},"end":{"line":40,"column":65}},{"start":{"line":41,"column":10},"end":{"line":41,"column":14}}],"line":39},"8":{"loc":{"start":{"line":40,"column":18},"end":{"line":40,"column":48}},"type":"cond-expr","locations":[{"start":{"line":40,"column":29},"end":{"line":40,"column":39}},{"start":{"line":40,"column":42},"end":{"line":40,"column":48}}],"line":40},"9":{"loc":{"start":{"line":42,"column":7},"end":{"line":44,"column":14}},"type":"cond-expr","locations":[{"start":{"line":43,"column":8},"end":{"line":43,"column":74}},{"start":{"line":44,"column":10},"end":{"line":44,"column":14}}],"line":42},"10":{"loc":{"start":{"line":43,"column":18},"end":{"line":43,"column":54}},"type":"cond-expr","locations":[{"start":{"line":43,"column":29},"end":{"line":43,"column":42}},{"start":{"line":43,"column":45},"end":{"line":43,"column":54}}],"line":43}},"s":{"0":1,"1":1,"2":1,"3":1},"f":{"0":1,"1":1},"b":{"0":[1,0],"1":[1,0],"2":[1,0],"3":[0,1],"4":[0,0],"5":[0,1],"6":[0,0],"7":[0,1],"8":[0,0],"9":[0,1],"10":[0,0]},"_coverageSchema":"332fd63041d2c1bcb487cc26dd0d5f7d97098a6c","hash":"b4c271051a2d6c04c5351ed1d3bc322cd9d71f3d"}
,"D:\\Projects\\worldtime\\client\\src\\components\\regions\\regions-styles.tsx": {"path":"D:\\Projects\\worldtime\\client\\src\\components\\regions\\regions-styles.tsx","statementMap":{"0":{"start":{"line":4,"column":20},"end":{"line":21,"column":1}},"1":{"start":{"line":23,"column":25},"end":{"line":30,"column":2}},"2":{"start":{"line":32,"column":24},"end":{"line":72,"column":1}},"3":{"start":{"line":36,"column":24},"end":{"line":36,"column":51}},"4":{"start":{"line":43,"column":22},"end":{"line":43,"column":65}},"5":{"start":{"line":44,"column":16},"end":{"line":44,"column":46}},"6":{"start":{"line":74,"column":29},"end":{"line":83,"column":2}},"7":{"start":{"line":85,"column":20},"end":{"line":93,"column":1}}},"fnMap":{"0":{"name":"(anonymous_0)","decl":{"start":{"line":36,"column":18},"end":{"line":36,"column":19}},"loc":{"start":{"line":36,"column":24},"end":{"line":36,"column":51}},"line":36},"1":{"name":"(anonymous_1)","decl":{"start":{"line":43,"column":16},"end":{"line":43,"column":17}},"loc":{"start":{"line":43,"column":22},"end":{"line":43,"column":65}},"line":43},"2":{"name":"(anonymous_2)","decl":{"start":{"line":44,"column":11},"end":{"line":44,"column":12}},"loc":{"start":{"line":44,"column":16},"end":{"line":44,"column":46}},"line":44}},"branchMap":{"0":{"loc":{"start":{"line":36,"column":24},"end":{"line":36,"column":51}},"type":"cond-expr","locations":[{"start":{"line":36,"column":37},"end":{"line":36,"column":46}},{"start":{"line":36,"column":49},"end":{"line":36,"column":51}}],"line":36},"1":{"loc":{"start":{"line":43,"column":22},"end":{"line":43,"column":65}},"type":"cond-expr","locations":[{"start":{"line":43,"column":35},"end":{"line":43,"column":60}},{"start":{"line":43,"column":63},"end":{"line":43,"column":65}}],"line":43},"2":{"loc":{"start":{"line":44,"column":16},"end":{"line":44,"column":46}},"type":"cond-expr","locations":[{"start":{"line":44,"column":29},"end":{"line":44,"column":38}},{"start":{"line":44,"column":40},"end":{"line":44,"column":46}}],"line":44}},"s":{"0":1,"1":1,"2":1,"3":1,"4":1,"5":1,"6":1,"7":1},"f":{"0":1,"1":1,"2":1},"b":{"0":[1,0],"1":[1,0],"2":[1,0]},"_coverageSchema":"332fd63041d2c1bcb487cc26dd0d5f7d97098a6c","hash":"7d0b8977a27bb41426bb38dc3408926659b0da58"}
,"D:\\Projects\\worldtime\\client\\src\\components\\regions\\regionsContainer.tsx": {"path":"D:\\Projects\\worldtime\\client\\src\\components\\regions\\regionsContainer.tsx","statementMap":{"0":{"start":{"line":1,"column":0},"end":{"line":null,"column":-1}},"1":{"start":{"line":2,"column":0},"end":{"line":null,"column":-1}},"2":{"start":{"line":3,"column":0},"end":{"line":null,"column":-1}},"3":{"start":{"line":4,"column":0},"end":{"line":null,"column":-1}},"4":{"start":{"line":5,"column":0},"end":{"line":null,"column":-1}},"5":{"start":{"line":6,"column":0},"end":{"line":null,"column":-1}},"6":{"start":{"line":7,"column":0},"end":{"line":null,"column":-1}},"7":{"start":{"line":18,"column":27},"end":{"line":18,"column":0}},"8":{"start":{"line":34,"column":31},"end":{"line":34,"column":6}},"9":{"start":{"line":35,"column":33},"end":{"line":35,"column":6}},"10":{"start":{"line":36,"column":36},"end":{"line":36,"column":6}},"11":{"start":{"line":39,"column":21},"end":{"line":39,"column":6}},"12":{"start":{"line":41,"column":6},"end":{"line":57,"column":7}},"13":{"start":{"line":42,"column":8},"end":{"line":null,"column":-1}},"14":{"start":{"line":43,"column":10},"end":{"line":42,"column":19}},"15":{"start":{"line":47,"column":13},"end":{"line":57,"column":7}},"16":{"start":{"line":48,"column":8},"end":{"line":null,"column":-1}},"17":{"start":{"line":49,"column":10},"end":{"line":48,"column":19}},"18":{"start":{"line":54,"column":8},"end":{"line":null,"column":-1}},"19":{"start":{"line":54,"column":41},"end":{"line":54,"column":19}},"20":{"start":{"line":58,"column":6},"end":{"line":null,"column":-1}},"21":{"start":{"line":61,"column":12},"end":{"line":null,"column":-1}},"22":{"start":{"line":62,"column":12},"end":{"line":null,"column":-1}},"23":{"start":{"line":63,"column":12},"end":{"line":null,"column":-1}},"24":{"start":{"line":64,"column":12},"end":{"line":null,"column":-1}}},"fnMap":{"0":{"name":"(anonymous_1)","decl":{"start":{"line":28,"column":5},"end":{"line":29,"column":6}},"loc":{"start":{"line":33,"column":9},"end":{"line":27,"column":2}}},"1":{"name":"(anonymous_2)","decl":{"start":{"line":42,"column":32},"end":{"line":42,"column":30}},"loc":{"start":{"line":43,"column":10},"end":{"line":42,"column":19}}},"2":{"name":"(anonymous_3)","decl":{"start":{"line":48,"column":32},"end":{"line":48,"column":30}},"loc":{"start":{"line":49,"column":10},"end":{"line":48,"column":19}}},"3":{"name":"(anonymous_4)","decl":{"start":{"line":54,"column":31},"end":{"line":54,"column":36}},"loc":{"start":{"line":54,"column":41},"end":{"line":54,"column":19}}},"4":{"name":"(anonymous_5)","decl":{"start":{"line":60,"column":24},"end":{"line":60,"column":22}},"loc":{"start":{"line":60,"column":41},"end":{"line":59,"column":8}}}},"branchMap":{"0":{"loc":{"start":{"line":41,"column":6},"end":{"line":57,"column":7}},"type":"if","locations":[{"start":{"line":41,"column":6},"end":{"line":57,"column":7}},{"start":{"line":41,"column":6},"end":{"line":57,"column":7}}]},"1":{"loc":{"start":{"line":44,"column":55},"end":{"line":44,"column":22}},"type":"cond-expr","locations":[{"start":{"line":44,"column":55},"end":{"line":44,"column":22}},{"start":{"line":44,"column":62},"end":{"line":null,"column":-1}}]},"2":{"loc":{"start":{"line":47,"column":13},"end":{"line":57,"column":7}},"type":"if","locations":[{"start":{"line":47,"column":13},"end":{"line":57,"column":7}},{"start":{"line":47,"column":13},"end":{"line":57,"column":7}}]},"3":{"loc":{"start":{"line":50,"column":61},"end":{"line":50,"column":22}},"type":"cond-expr","locations":[{"start":{"line":50,"column":61},"end":{"line":50,"column":22}},{"start":{"line":50,"column":68},"end":{"line":null,"column":-1}}]}},"s":{"0":0,"1":0,"2":0,"3":0,"4":0,"5":0,"6":0,"7":0,"8":0,"9":0,"10":0,"11":0,"12":0,"13":0,"14":0,"15":0,"16":0,"17":0,"18":0,"19":0,"20":0,"21":0,"22":0,"23":0,"24":0},"f":{"0":0,"1":0,"2":0,"3":0,"4":0},"b":{"0":[0,0],"1":[0,0],"2":[0,0],"3":[0,0]}}
,"D:\\Projects\\worldtime\\client\\src\\components\\regions\\regionsState.ts": {"path":"D:\\Projects\\worldtime\\client\\src\\components\\regions\\regionsState.ts","statementMap":{"0":{"start":{"line":1,"column":0},"end":{"line":null,"column":-1}},"1":{"start":{"line":14,"column":4},"end":{"line":null,"column":-1}},"2":{"start":{"line":15,"column":4},"end":{"line":null,"column":-1}},"3":{"start":{"line":21,"column":4},"end":{"line":null,"column":-1}}},"fnMap":{"0":{"name":"(anonymous_0)","decl":{"start":{"line":13,"column":2},"end":{"line":13,"column":12}},"loc":{"start":{"line":13,"column":16},"end":{"line":18,"column":3}}},"1":{"name":"(anonymous_1)","decl":{"start":{"line":20,"column":2},"end":{"line":20,"column":13}},"loc":{"start":{"line":20,"column":29},"end":{"line":24,"column":3}}}},"branchMap":{},"s":{"0":0,"1":0,"2":0,"3":0},"f":{"0":0,"1":0},"b":{}}
,"D:\\Projects\\worldtime\\client\\src\\components\\sidebar\\favorites.tsx": {"path":"D:\\Projects\\worldtime\\client\\src\\components\\sidebar\\favorites.tsx","statementMap":{"0":{"start":{"line":14,"column":49},"end":{"line":17,"column":75}},"1":{"start":{"line":17,"column":6},"end":{"line":17,"column":75}},"2":{"start":{"line":17,"column":33},"end":{"line":17,"column":54}},"3":{"start":{"line":19,"column":41},"end":{"line":31,"column":1}},"4":{"start":{"line":20,"column":2},"end":{"line":30,"column":4}},"5":{"start":{"line":23,"column":8},"end":{"line":27,"column":10}}},"fnMap":{"0":{"name":"(anonymous_0)","decl":{"start":{"line":14,"column":49},"end":{"line":14,"column":50}},"loc":{"start":{"line":17,"column":6},"end":{"line":17,"column":75}},"line":17},"1":{"name":"(anonymous_1)","decl":{"start":{"line":17,"column":27},"end":{"line":17,"column":28}},"loc":{"start":{"line":17,"column":33},"end":{"line":17,"column":54}},"line":17},"2":{"name":"(anonymous_2)","decl":{"start":{"line":19,"column":41},"end":{"line":19,"column":42}},"loc":{"start":{"line":19,"column":77},"end":{"line":31,"column":1}},"line":19},"3":{"name":"(anonymous_3)","decl":{"start":{"line":22,"column":21},"end":{"line":22,"column":22}},"loc":{"start":{"line":23,"column":8},"end":{"line":27,"column":10}},"line":23}},"branchMap":{},"s":{"0":2,"1":4,"2":1,"3":2,"4":2,"5":4},"f":{"0":4,"1":1,"2":2,"3":4},"b":{},"_coverageSchema":"332fd63041d2c1bcb487cc26dd0d5f7d97098a6c","hash":"db04151510ff09a6f9d4b2a6db54dfad2e28efd8"}
,"D:\\Projects\\worldtime\\client\\src\\components\\sidebar\\index.tsx": {"path":"D:\\Projects\\worldtime\\client\\src\\components\\sidebar\\index.tsx","statementMap":{"0":{"start":{"line":1,"column":0},"end":{"line":null,"column":-1}},"1":{"start":{"line":2,"column":0},"end":{"line":null,"column":-1}},"2":{"start":{"line":3,"column":0},"end":{"line":null,"column":-1}},"3":{"start":{"line":4,"column":0},"end":{"line":null,"column":-1}},"4":{"start":{"line":5,"column":0},"end":{"line":null,"column":-1}},"5":{"start":{"line":6,"column":0},"end":{"line":null,"column":-1}},"6":{"start":{"line":7,"column":0},"end":{"line":null,"column":-1}},"7":{"start":{"line":9,"column":28},"end":{"line":9,"column":0}},"8":{"start":{"line":10,"column":2},"end":{"line":9,"column":0}},"9":{"start":{"line":17,"column":17},"end":{"line":17,"column":6}},"10":{"start":{"line":18,"column":6},"end":{"line":35,"column":7}},"11":{"start":{"line":19,"column":8},"end":{"line":null,"column":-1}},"12":{"start":{"line":23,"column":14},"end":{"line":null,"column":-1}},"13":{"start":{"line":27,"column":16},"end":{"line":null,"column":-1}},"14":{"start":{"line":28,"column":16},"end":{"line":null,"column":-1}},"15":{"start":{"line":29,"column":16},"end":{"line":null,"column":-1}},"16":{"start":{"line":30,"column":16},"end":{"line":null,"column":-1}},"17":{"start":{"line":36,"column":6},"end":{"line":null,"column":-1}}},"fnMap":{"0":{"name":"(anonymous_0)","decl":{"start":{"line":9,"column":28},"end":{"line":10,"column":1}},"loc":{"start":{"line":10,"column":2},"end":{"line":9,"column":0}}},"1":{"name":"(anonymous_1)","decl":{"start":{"line":11,"column":5},"end":{"line":12,"column":6}},"loc":{"start":{"line":16,"column":9},"end":{"line":10,"column":2}}},"2":{"name":"(anonymous_2)","decl":{"start":{"line":22,"column":25},"end":{"line":22,"column":30}},"loc":{"start":{"line":22,"column":31},"end":{"line":20,"column":10}}},"3":{"name":"(anonymous_3)","decl":{"start":{"line":26,"column":15},"end":{"line":26,"column":13}},"loc":{"start":{"line":26,"column":36},"end":{"line":20,"column":10}}}},"branchMap":{"0":{"loc":{"start":{"line":18,"column":6},"end":{"line":35,"column":7}},"type":"if","locations":[{"start":{"line":18,"column":6},"end":{"line":35,"column":7}},{"start":{"line":18,"column":6},"end":{"line":35,"column":7}}]},"1":{"loc":{"start":{"line":29,"column":41},"end":{"line":29,"column":71}},"type":"binary-expr","locations":[{"start":{"line":29,"column":41},"end":{"line":29,"column":71}},{"start":{"line":29,"column":72},"end":{"line":29,"column":16}}]}},"s":{"0":0,"1":0,"2":0,"3":0,"4":0,"5":0,"6":0,"7":0,"8":0,"9":0,"10":0,"11":0,"12":0,"13":0,"14":0,"15":0,"16":0,"17":0},"f":{"0":0,"1":0,"2":0,"3":0},"b":{"0":[0,0],"1":[0,0]}}
,"D:\\Projects\\worldtime\\client\\src\\components\\sidebar\\sidebar-styles.tsx": {"path":"D:\\Projects\\worldtime\\client\\src\\components\\sidebar\\sidebar-styles.tsx","statementMap":{"0":{"start":{"line":4,"column":25},"end":{"line":12,"column":1}},"1":{"start":{"line":14,"column":21},"end":{"line":24,"column":1}},"2":{"start":{"line":26,"column":26},"end":{"line":29,"column":2}},"3":{"start":{"line":31,"column":23},"end":{"line":54,"column":1}},"4":{"start":{"line":56,"column":28},"end":{"line":59,"column":2}},"5":{"start":{"line":61,"column":31},"end":{"line":71,"column":1}},"6":{"start":{"line":73,"column":31},"end":{"line":76,"column":2}}},"fnMap":{},"branchMap":{},"s":{"0":2,"1":2,"2":2,"3":2,"4":2,"5":2,"6":2},"f":{},"b":{},"_coverageSchema":"332fd63041d2c1bcb487cc26dd0d5f7d97098a6c","hash":"b2e73958daab5911d7135973d76c8d6797f86471"}
,"D:\\Projects\\worldtime\\client\\src\\components\\sidebar\\sidebar.tsx": {"path":"D:\\Projects\\worldtime\\client\\src\\components\\sidebar\\sidebar.tsx","statementMap":{"0":{"start":{"line":12,"column":37},"end":{"line":24,"column":1}},"1":{"start":{"line":17,"column":2},"end":{"line":23,"column":17}}},"fnMap":{"0":{"name":"(anonymous_0)","decl":{"start":{"line":12,"column":37},"end":{"line":12,"column":38}},"loc":{"start":{"line":17,"column":2},"end":{"line":23,"column":17}},"line":17}},"branchMap":{},"s":{"0":1,"1":1},"f":{"0":1},"b":{},"_coverageSchema":"332fd63041d2c1bcb487cc26dd0d5f7d97098a6c","hash":"913699a8c9caedda4775de358d24b6cbb07f8791"}
,"D:\\Projects\\worldtime\\client\\src\\components\\sidebar\\sidebarState.ts": {"path":"D:\\Projects\\worldtime\\client\\src\\components\\sidebar\\sidebarState.ts","statementMap":{"0":{"start":{"line":1,"column":0},"end":{"line":null,"column":-1}},"1":{"start":{"line":8,"column":4},"end":{"line":null,"column":-1}},"2":{"start":{"line":9,"column":4},"end":{"line":null,"column":-1}},"3":{"start":{"line":16,"column":4},"end":{"line":null,"column":-1}},"4":{"start":{"line":22,"column":4},"end":{"line":null,"column":-1}}},"fnMap":{"0":{"name":"(anonymous_0)","decl":{"start":{"line":7,"column":2},"end":{"line":7,"column":12}},"loc":{"start":{"line":7,"column":16},"end":{"line":13,"column":3}}},"1":{"name":"(anonymous_1)","decl":{"start":{"line":15,"column":2},"end":{"line":15,"column":14}},"loc":{"start":{"line":15,"column":18},"end":{"line":19,"column":3}}},"2":{"name":"(anonymous_2)","decl":{"start":{"line":21,"column":2},"end":{"line":21,"column":12}},"loc":{"start":{"line":21,"column":32},"end":{"line":25,"column":3}}}},"branchMap":{},"s":{"0":0,"1":0,"2":0,"3":0,"4":0},"f":{"0":0,"1":0,"2":0},"b":{}}
,"D:\\Projects\\worldtime\\client\\src\\components\\timezone\\index.tsx": {"path":"D:\\Projects\\worldtime\\client\\src\\components\\timezone\\index.tsx","statementMap":{"0":{"start":{"line":1,"column":0},"end":{"line":null,"column":-1}},"1":{"start":{"line":2,"column":0},"end":{"line":null,"column":-1}},"2":{"start":{"line":3,"column":0},"end":{"line":null,"column":-1}},"3":{"start":{"line":4,"column":0},"end":{"line":null,"column":-1}},"4":{"start":{"line":5,"column":0},"end":{"line":null,"column":-1}},"5":{"start":{"line":6,"column":0},"end":{"line":null,"column":-1}},"6":{"start":{"line":7,"column":0},"end":{"line":null,"column":-1}},"7":{"start":{"line":8,"column":0},"end":{"line":null,"column":-1}},"8":{"start":{"line":9,"column":0},"end":{"line":null,"column":-1}},"9":{"start":{"line":10,"column":0},"end":{"line":null,"column":-1}},"10":{"start":{"line":12,"column":16},"end":{"line":12,"column":0}},"11":{"start":{"line":25,"column":14},"end":{"line":25,"column":0}},"12":{"start":{"line":40,"column":6},"end":{"line":33,"column":2}},"13":{"start":{"line":48,"column":21},"end":{"line":48,"column":10}},"14":{"start":{"line":49,"column":10},"end":{"line":55,"column":11}},"15":{"start":{"line":50,"column":12},"end":{"line":null,"column":-1}},"16":{"start":{"line":56,"column":10},"end":{"line":67,"column":11}},"17":{"start":{"line":57,"column":12},"end":{"line":null,"column":-1}},"18":{"start":{"line":60,"column":18},"end":{"line":59,"column":23}},"19":{"start":{"line":63,"column":18},"end":{"line":null,"column":-1}},"20":{"start":{"line":68,"column":10},"end":{"line":null,"column":-1}}},"fnMap":{"0":{"name":"(anonymous_1)","decl":{"start":{"line":34,"column":5},"end":{"line":35,"column":6}},"loc":{"start":{"line":40,"column":6},"end":{"line":33,"column":2}}},"1":{"name":"(anonymous_2)","decl":{"start":{"line":47,"column":9},"end":{"line":47,"column":10}},"loc":{"start":{"line":47,"column":39},"end":{"line":40,"column":6}}},"2":{"name":"(anonymous_3)","decl":{"start":{"line":59,"column":43},"end":{"line":59,"column":42}},"loc":{"start":{"line":60,"column":18},"end":{"line":59,"column":23}}},"3":{"name":"(anonymous_4)","decl":{"start":{"line":62,"column":34},"end":{"line":62,"column":32}},"loc":{"start":{"line":62,"column":51},"end":{"line":58,"column":14}}}},"branchMap":{"0":{"loc":{"start":{"line":43,"column":16},"end":{"line":43,"column":15}},"type":"binary-expr","locations":[{"start":{"line":43,"column":16},"end":{"line":43,"column":15}},{"start":{"line":43,"column":40},"end":{"line":43,"column":56}}]},"1":{"loc":{"start":{"line":49,"column":10},"end":{"line":55,"column":11}},"type":"if","locations":[{"start":{"line":49,"column":10},"end":{"line":55,"column":11}},{"start":{"line":49,"column":10},"end":{"line":55,"column":11}}]},"2":{"loc":{"start":{"line":56,"column":10},"end":{"line":67,"column":11}},"type":"if","locations":[{"start":{"line":56,"column":10},"end":{"line":67,"column":11}},{"start":{"line":56,"column":10},"end":{"line":67,"column":11}}]},"3":{"loc":{"start":{"line":56,"column":14},"end":{"line":56,"column":13}},"type":"binary-expr","locations":[{"start":{"line":56,"column":14},"end":{"line":56,"column":13}},{"start":{"line":56,"column":26},"end":{"line":56,"column":10}}]}},"s":{"0":0,"1":0,"2":0,"3":0,"4":0,"5":0,"6":0,"7":0,"8":0,"9":0,"10":0,"11":0,"12":0,"13":0,"14":0,"15":0,"16":0,"17":0,"18":0,"19":0,"20":0},"f":{"0":0,"1":0,"2":0,"3":0},"b":{"0":[0,0],"1":[0,0],"2":[0,0],"3":[0,0]}}
,"D:\\Projects\\worldtime\\client\\src\\components\\timezone\\timezone-styles.tsx": {"path":"D:\\Projects\\worldtime\\client\\src\\components\\timezone\\timezone-styles.tsx","statementMap":{"0":{"start":{"line":1,"column":0},"end":{"line":null,"column":-1}},"1":{"start":{"line":3,"column":24},"end":{"line":3,"column":7}},"2":{"start":{"line":14,"column":23},"end":{"line":14,"column":51}}},"fnMap":{"0":{"name":"(anonymous_0)","decl":{"start":{"line":14,"column":18},"end":{"line":14,"column":19}},"loc":{"start":{"line":14,"column":23},"end":{"line":14,"column":51}}}},"branchMap":{"0":{"loc":{"start":{"line":14,"column":36},"end":{"line":14,"column":23}},"type":"cond-expr","locations":[{"start":{"line":14,"column":36},"end":{"line":14,"column":23}},{"start":{"line":14,"column":48},"end":{"line":14,"column":51}}]}},"s":{"0":0,"1":0,"2":0},"f":{"0":0},"b":{"0":[0,0]}}
,"D:\\Projects\\worldtime\\client\\src\\components\\timezone\\timezone.tsx": {"path":"D:\\Projects\\worldtime\\client\\src\\components\\timezone\\timezone.tsx","statementMap":{"0":{"start":{"line":1,"column":0},"end":{"line":null,"column":-1}},"1":{"start":{"line":3,"column":0},"end":{"line":null,"column":-1}},"2":{"start":{"line":5,"column":41},"end":{"line":5,"column":0}},"3":{"start":{"line":10,"column":2},"end":{"line":5,"column":0}},"4":{"start":{"line":12,"column":6},"end":{"line":14,"column":7}},"5":{"start":{"line":13,"column":8},"end":{"line":null,"column":-1}}},"fnMap":{"0":{"name":"(anonymous_0)","decl":{"start":{"line":5,"column":41},"end":{"line":5,"column":42}},"loc":{"start":{"line":10,"column":2},"end":{"line":5,"column":0}}},"1":{"name":"(anonymous_1)","decl":{"start":{"line":11,"column":13},"end":{"line":11,"column":18}},"loc":{"start":{"line":11,"column":19},"end":{"line":10,"column":2}}}},"branchMap":{"0":{"loc":{"start":{"line":12,"column":6},"end":{"line":14,"column":7}},"type":"if","locations":[{"start":{"line":12,"column":6},"end":{"line":14,"column":7}},{"start":{"line":12,"column":6},"end":{"line":14,"column":7}}]}},"s":{"0":0,"1":0,"2":0,"3":0,"4":0,"5":0},"f":{"0":0,"1":0},"b":{"0":[0,0]}}
,"D:\\Projects\\worldtime\\client\\src\\components\\timezone\\timezoneState.ts": {"path":"D:\\Projects\\worldtime\\client\\src\\components\\timezone\\timezoneState.ts","statementMap":{"0":{"start":{"line":1,"column":0},"end":{"line":null,"column":-1}},"1":{"start":{"line":10,"column":4},"end":{"line":null,"column":-1}},"2":{"start":{"line":11,"column":4},"end":{"line":null,"column":-1}},"3":{"start":{"line":18,"column":4},"end":{"line":null,"column":-1}},"4":{"start":{"line":24,"column":4},"end":{"line":null,"column":-1}}},"fnMap":{"0":{"name":"(anonymous_0)","decl":{"start":{"line":9,"column":2},"end":{"line":9,"column":12}},"loc":{"start":{"line":9,"column":16},"end":{"line":15,"column":3}}},"1":{"name":"(anonymous_1)","decl":{"start":{"line":17,"column":2},"end":{"line":17,"column":18}},"loc":{"start":{"line":17,"column":38},"end":{"line":21,"column":3}}},"2":{"name":"(anonymous_2)","decl":{"start":{"line":23,"column":2},"end":{"line":23,"column":20}},"loc":{"start":{"line":23,"column":39},"end":{"line":27,"column":3}}}},"branchMap":{},"s":{"0":0,"1":0,"2":0,"3":0,"4":0},"f":{"0":0,"1":0,"2":0},"b":{}}
,"D:\\Projects\\worldtime\\client\\src\\components\\timezone\\timezones-styles.tsx": {"path":"D:\\Projects\\worldtime\\client\\src\\components\\timezone\\timezones-styles.tsx","statementMap":{"0":{"start":{"line":1,"column":0},"end":{"line":null,"column":-1}},"1":{"start":{"line":2,"column":0},"end":{"line":null,"column":-1}},"2":{"start":{"line":4,"column":20},"end":{"line":4,"column":7}},"3":{"start":{"line":17,"column":25},"end":{"line":17,"column":7}},"4":{"start":{"line":34,"column":30},"end":{"line":34,"column":7}},"5":{"start":{"line":40,"column":27},"end":{"line":40,"column":7}},"6":{"start":{"line":54,"column":29},"end":{"line":54,"column":7}},"7":{"start":{"line":95,"column":34},"end":{"line":95,"column":7}},"8":{"start":{"line":104,"column":25},"end":{"line":104,"column":7}},"9":{"start":{"line":116,"column":20},"end":{"line":116,"column":7}}},"fnMap":{},"branchMap":{},"s":{"0":0,"1":0,"2":0,"3":0,"4":0,"5":0,"6":0,"7":0,"8":0,"9":0},"f":{},"b":{}}
,"D:\\Projects\\worldtime\\client\\src\\components\\timezone\\timezones.tsx": {"path":"D:\\Projects\\worldtime\\client\\src\\components\\timezone\\timezones.tsx","statementMap":{"0":{"start":{"line":1,"column":0},"end":{"line":null,"column":-1}},"1":{"start":{"line":2,"column":0},"end":{"line":null,"column":-1}},"2":{"start":{"line":10,"column":0},"end":{"line":null,"column":-1}},"3":{"start":{"line":12,"column":0},"end":{"line":null,"column":-1}},"4":{"start":{"line":13,"column":0},"end":{"line":null,"column":-1}},"5":{"start":{"line":16,"column":0},"end":{"line":null,"column":-1}},"6":{"start":{"line":17,"column":0},"end":{"line":null,"column":-1}},"7":{"start":{"line":18,"column":0},"end":{"line":null,"column":-1}},"8":{"start":{"line":19,"column":0},"end":{"line":null,"column":-1}},"9":{"start":{"line":21,"column":43},"end":{"line":21,"column":0}},"10":{"start":{"line":23,"column":2},"end":{"line":21,"column":0}},"11":{"start":{"line":26,"column":6},"end":{"line":23,"column":2}},"12":{"start":{"line":31,"column":36},"end":{"line":31,"column":10}},"13":{"start":{"line":32,"column":12},"end":{"line":38,"column":13}},"14":{"start":{"line":33,"column":14},"end":{"line":null,"column":-1}},"15":{"start":{"line":36,"column":14},"end":{"line":null,"column":-1}},"16":{"start":{"line":37,"column":14},"end":{"line":37,"column":20}},"17":{"start":{"line":40,"column":32},"end":{"line":40,"column":10}},"18":{"start":{"line":41,"column":26},"end":{"line":41,"column":12}},"19":{"start":{"line":42,"column":12},"end":{"line":null,"column":-1}},"20":{"start":{"line":43,"column":12},"end":{"line":null,"column":-1}},"21":{"start":{"line":45,"column":29},"end":{"line":45,"column":16}},"22":{"start":{"line":46,"column":16},"end":{"line":null,"column":-1}},"23":{"start":{"line":50,"column":10},"end":{"line":null,"column":-1}},"24":{"start":{"line":53,"column":16},"end":{"line":51,"column":12}},"25":{"start":{"line":57,"column":22},"end":{"line":61,"column":23}},"26":{"start":{"line":58,"column":24},"end":{"line":null,"column":-1}},"27":{"start":{"line":62,"column":22},"end":{"line":62,"column":28}},"28":{"start":{"line":85,"column":26},"end":{"line":84,"column":25}}},"fnMap":{"0":{"name":"(anonymous_0)","decl":{"start":{"line":21,"column":43},"end":{"line":21,"column":44}},"loc":{"start":{"line":23,"column":2},"end":{"line":21,"column":0}}},"1":{"name":"(anonymous_1)","decl":{"start":{"line":24,"column":5},"end":{"line":24,"column":6}},"loc":{"start":{"line":26,"column":6},"end":{"line":23,"column":2}}},"2":{"name":"(anonymous_2)","decl":{"start":{"line":29,"column":9},"end":{"line":29,"column":10}},"loc":{"start":{"line":29,"column":34},"end":{"line":26,"column":6}}},"3":{"name":"(anonymous_3)","decl":{"start":{"line":31,"column":36},"end":{"line":31,"column":34}},"loc":{"start":{"line":31,"column":53},"end":{"line":31,"column":10}}},"4":{"name":"(anonymous_4)","decl":{"start":{"line":40,"column":32},"end":{"line":40,"column":30}},"loc":{"start":{"line":40,"column":68},"end":{"line":40,"column":10}}},"5":{"name":"(anonymous_5)","decl":{"start":{"line":44,"column":49},"end":{"line":44,"column":48}},"loc":{"start":{"line":44,"column":68},"end":{"line":44,"column":26}}},"6":{"name":"(anonymous_6)","decl":{"start":{"line":52,"column":16},"end":{"line":52,"column":14}},"loc":{"start":{"line":53,"column":16},"end":{"line":51,"column":12}}},"7":{"name":"(anonymous_7)","decl":{"start":{"line":56,"column":29},"end":{"line":56,"column":34}},"loc":{"start":{"line":56,"column":35},"end":{"line":55,"column":18}}},"8":{"name":"(anonymous_8)","decl":{"start":{"line":84,"column":47},"end":{"line":84,"column":45}},"loc":{"start":{"line":85,"column":26},"end":{"line":84,"column":25}}}},"branchMap":{"0":{"loc":{"start":{"line":32,"column":12},"end":{"line":38,"column":13}},"type":"if","locations":[{"start":{"line":32,"column":12},"end":{"line":38,"column":13}},{"start":{"line":32,"column":12},"end":{"line":38,"column":13}}]},"1":{"loc":{"start":{"line":57,"column":22},"end":{"line":61,"column":23}},"type":"if","locations":[{"start":{"line":57,"column":22},"end":{"line":61,"column":23}},{"start":{"line":57,"column":22},"end":{"line":61,"column":23}}]},"2":{"loc":{"start":{"line":66,"column":32},"end":{"line":66,"column":29}},"type":"cond-expr","locations":[{"start":{"line":66,"column":32},"end":{"line":66,"column":29}},{"start":{"line":66,"column":46},"end":{"line":66,"column":20}}]},"3":{"loc":{"start":{"line":71,"column":20},"end":{"line":69,"column":21}},"type":"cond-expr","locations":[{"start":{"line":71,"column":20},"end":{"line":69,"column":21}},{"start":{"line":92,"column":22},"end":{"line":53,"column":16}}]}},"s":{"0":0,"1":0,"2":0,"3":0,"4":0,"5":0,"6":0,"7":0,"8":0,"9":0,"10":0,"11":0,"12":0,"13":0,"14":0,"15":0,"16":0,"17":0,"18":0,"19":0,"20":0,"21":0,"22":0,"23":0,"24":0,"25":0,"26":0,"27":0,"28":0},"f":{"0":0,"1":0,"2":0,"3":0,"4":0,"5":0,"6":0,"7":0,"8":0},"b":{"0":[0,0],"1":[0,0],"2":[0,0],"3":[0,0]}}
}
